# JRE version: Java(TM) SE Runtime Environment (8.0_66-b18) (build 1.8.0_66-b18)
# Java VM: Java HotSpot(TM) 64-Bit Server VM (25.66-b18 mixed mode windows-amd64 compressed oops)
Heap:
 PSYoungGen      total 71680K, used 46790K [0x00000000eab00000, 0x00000000ef600000, 0x0000000100000000)
  eden space 66560K, 67% used [0x00000000eab00000,0x00000000ed6b5b00,0x00000000eec00000)
  from space 5120K, 39% used [0x00000000eec00000,0x00000000eedfc040,0x00000000ef100000)
  to   space 5120K, 0% used [0x00000000ef100000,0x00000000ef100000,0x00000000ef600000)
 ParOldGen       total 56320K, used 10986K [0x00000000c0000000, 0x00000000c3700000, 0x00000000eab00000)
  object space 56320K, 19% used [0x00000000c0000000,0x00000000c0aba810,0x00000000c3700000)
 Metaspace       used 21309K, capacity 21676K, committed 21888K, reserved 1069056K
  class space    used 2773K, capacity 2890K, committed 2944K, reserved 1048576K
GC Heap History (10 events):
Event: 14.794 GC heap before
{Heap before GC invocations=2 (full 0):
 PSYoungGen      total 38400K, used 37844K [0x00000000eab00000, 0x00000000ef600000, 0x0000000100000000)
  eden space 33280K, 100% used [0x00000000eab00000,0x00000000ecb80000,0x00000000ecb80000)
  from space 5120K, 89% used [0x00000000ecb80000,0x00000000ecff51d8,0x00000000ed080000)
  to   space 5120K, 0% used [0x00000000ef100000,0x00000000ef100000,0x00000000ef600000)
 ParOldGen       total 87552K, used 8K [0x00000000c0000000, 0x00000000c5580000, 0x00000000eab00000)
  object space 87552K, 0% used [0x00000000c0000000,0x00000000c0002000,0x00000000c5580000)
 Metaspace       used 13352K, capacity 13700K, committed 13952K, reserved 1060864K
  class space    used 1757K, capacity 1880K, committed 1920K, reserved 1048576K
Event: 15.765 GC heap after
Heap after GC invocations=2 (full 0):
 PSYoungGen      total 71680K, used 5099K [0x00000000eab00000, 0x00000000ef600000, 0x0000000100000000)
  eden space 66560K, 0% used [0x00000000eab00000,0x00000000eab00000,0x00000000eec00000)
  from space 5120K, 99% used [0x00000000ef100000,0x00000000ef5fac90,0x00000000ef600000)
  to   space 5120K, 0% used [0x00000000eec00000,0x00000000eec00000,0x00000000ef100000)
 ParOldGen       total 87552K, used 2271K [0x00000000c0000000, 0x00000000c5580000, 0x00000000eab00000)
  object space 87552K, 2% used [0x00000000c0000000,0x00000000c0237e70,0x00000000c5580000)
 Metaspace       used 13352K, capacity 13700K, committed 13952K, reserved 1060864K
  class space    used 1757K, capacity 1880K, committed 1920K, reserved 1048576K
}
Event: 19.110 GC heap before
{Heap before GC invocations=3 (full 0):
 PSYoungGen      total 71680K, used 48943K [0x00000000eab00000, 0x00000000ef600000, 0x0000000100000000)
  eden space 66560K, 65% used [0x00000000eab00000,0x00000000ed5d1290,0x00000000eec00000)
  from space 5120K, 99% used [0x00000000ef100000,0x00000000ef5fac90,0x00000000ef600000)
  to   space 5120K, 0% used [0x00000000eec00000,0x00000000eec00000,0x00000000ef100000)
 ParOldGen       total 87552K, used 2271K [0x00000000c0000000, 0x00000000c5580000, 0x00000000eab00000)
  object space 87552K, 2% used [0x00000000c0000000,0x00000000c0237e70,0x00000000c5580000)
 Metaspace       used 20774K, capacity 21132K, committed 21296K, reserved 1067008K
  class space    used 2724K, capacity 2858K, committed 2944K, reserved 1048576K
Event: 19.661 GC heap after
Heap after GC invocations=3 (full 0):
 PSYoungGen      total 71680K, used 5105K [0x00000000eab00000, 0x00000000ef600000, 0x0000000100000000)
  eden space 66560K, 0% used [0x00000000eab00000,0x00000000eab00000,0x00000000eec00000)
  from space 5120K, 99% used [0x00000000eec00000,0x00000000ef0fc700,0x00000000ef100000)
  to   space 5120K, 0% used [0x00000000ef100000,0x00000000ef100000,0x00000000ef600000)
 ParOldGen       total 87552K, used 8460K [0x00000000c0000000, 0x00000000c5580000, 0x00000000eab00000)
  object space 87552K, 9% used [0x00000000c0000000,0x00000000c0843328,0x00000000c5580000)
 Metaspace       used 20774K, capacity 21132K, committed 21296K, reserved 1067008K
  class space    used 2724K, capacity 2858K, committed 2944K, reserved 1048576K
}
Event: 19.661 GC heap before
{Heap before GC invocations=4 (full 1):
 PSYoungGen      total 71680K, used 5105K [0x00000000eab00000, 0x00000000ef600000, 0x0000000100000000)
  eden space 66560K, 0% used [0x00000000eab00000,0x00000000eab00000,0x00000000eec00000)
  from space 5120K, 99% used [0x00000000eec00000,0x00000000ef0fc700,0x00000000ef100000)
  to   space 5120K, 0% used [0x00000000ef100000,0x00000000ef100000,0x00000000ef600000)
 ParOldGen       total 87552K, used 8460K [0x00000000c0000000, 0x00000000c5580000, 0x00000000eab00000)
  object space 87552K, 9% used [0x00000000c0000000,0x00000000c0843328,0x00000000c5580000)
 Metaspace       used 20774K, capacity 21132K, committed 21296K, reserved 1067008K
  class space    used 2724K, capacity 2858K, committed 2944K, reserved 1048576K
Event: 20.083 GC heap after
Heap after GC invocations=4 (full 1):
 PSYoungGen      total 71680K, used 0K [0x00000000eab00000, 0x00000000ef600000, 0x0000000100000000)
  eden space 66560K, 0% used [0x00000000eab00000,0x00000000eab00000,0x00000000eec00000)
  from space 5120K, 0% used [0x00000000eec00000,0x00000000eec00000,0x00000000ef100000)
  to   space 5120K, 0% used [0x00000000ef100000,0x00000000ef100000,0x00000000ef600000)
 ParOldGen       total 56320K, used 10986K [0x00000000c0000000, 0x00000000c3700000, 0x00000000eab00000)
  object space 56320K, 19% used [0x00000000c0000000,0x00000000c0aba810,0x00000000c3700000)
 Metaspace       used 20774K, capacity 21132K, committed 21296K, reserved 1067008K
  class space    used 2724K, capacity 2858K, committed 2944K, reserved 1048576K
}
Event: 21.342 GC heap before
{Heap before GC invocations=5 (full 1):
 PSYoungGen      total 71680K, used 66560K [0x00000000eab00000, 0x00000000ef600000, 0x0000000100000000)
  eden space 66560K, 100% used [0x00000000eab00000,0x00000000eec00000,0x00000000eec00000)
  from space 5120K, 0% used [0x00000000eec00000,0x00000000eec00000,0x00000000ef100000)
  to   space 5120K, 0% used [0x00000000ef100000,0x00000000ef100000,0x00000000ef600000)
 ParOldGen       total 56320K, used 10986K [0x00000000c0000000, 0x00000000c3700000, 0x00000000eab00000)
  object space 56320K, 19% used [0x00000000c0000000,0x00000000c0aba810,0x00000000c3700000)
 Metaspace       used 21139K, capacity 21548K, committed 21632K, reserved 1069056K
  class space    used 2757K, capacity 2890K, committed 2944K, reserved 1048576K
Event: 23.616 GC heap after
Heap after GC invocations=5 (full 1):
 PSYoungGen      total 71680K, used 1616K [0x00000000eab00000, 0x00000000ef600000, 0x0000000100000000)
  eden space 66560K, 0% used [0x00000000eab00000,0x00000000eab00000,0x00000000eec00000)
  from space 5120K, 31% used [0x00000000ef100000,0x00000000ef294040,0x00000000ef600000)
  to   space 5120K, 0% used [0x00000000eec00000,0x00000000eec00000,0x00000000ef100000)
 ParOldGen       total 56320K, used 10986K [0x00000000c0000000, 0x00000000c3700000, 0x00000000eab00000)
  object space 56320K, 19% used [0x00000000c0000000,0x00000000c0aba810,0x00000000c3700000)
 Metaspace       used 21139K, capacity 21548K, committed 21632K, reserved 1069056K
  class space    used 2757K, capacity 2890K, committed 2944K, reserved 1048576K
}
Event: 23.972 GC heap before
{Heap before GC invocations=6 (full 1):
 PSYoungGen      total 71680K, used 68176K [0x00000000eab00000, 0x00000000ef600000, 0x0000000100000000)
  eden space 66560K, 100% used [0x00000000eab00000,0x00000000eec00000,0x00000000eec00000)
  from space 5120K, 31% used [0x00000000ef100000,0x00000000ef294040,0x00000000ef600000)
  to   space 5120K, 0% used [0x00000000eec00000,0x00000000eec00000,0x00000000ef100000)
 ParOldGen       total 56320K, used 10986K [0x00000000c0000000, 0x00000000c3700000, 0x00000000eab00000)
  object space 56320K, 19% used [0x00000000c0000000,0x00000000c0aba810,0x00000000c3700000)
 Metaspace       used 21157K, capacity 21548K, committed 21632K, reserved 1069056K
  class space    used 2757K, capacity 2890K, committed 2944K, reserved 1048576K
Event: 24.169 GC heap after
Heap after GC invocations=6 (full 1):
 PSYoungGen      total 71680K, used 2032K [0x00000000eab00000, 0x00000000ef600000, 0x0000000100000000)
  eden space 66560K, 0% used [0x00000000eab00000,0x00000000eab00000,0x00000000eec00000)
  from space 5120K, 39% used [0x00000000eec00000,0x00000000eedfc040,0x00000000ef100000)
  to   space 5120K, 0% used [0x00000000ef100000,0x00000000ef100000,0x00000000ef600000)
 ParOldGen       total 56320K, used 10986K [0x00000000c0000000, 0x00000000c3700000, 0x00000000eab00000)
  object space 56320K, 19% used [0x00000000c0000000,0x00000000c0aba810,0x00000000c3700000)
 Metaspace       used 21157K, capacity 21548K, committed 21632K, reserved 1069056K
  class space    used 2757K, capacity 2890K, committed 2944K, reserved 1048576K
}

